Using pre-set license
Built from '2020.3/staging' branch; Version is '2020.3.8f1 (507919d4fff5) revision 5273881'; Using compiler version '192528614'; Build Type 'Release'
OS: 'Windows 10 Pro; OS build 22000.675; Version 2009; 64bit' Language: 'en' Physical Memory: 32617 MB
BatchMode: 1, IsHumanControllingUs: 0, StartBugReporterOnCrash: 0, Is64bit: 1, IsPro: 0

 COMMAND LINE ARGUMENTS:
C:\Program Files\Unity\Hub\Editor\2020.3.8f1\Editor\Unity.exe
-adb2
-batchMode
-noUpm
-name
AssetImportWorker0
-projectPath
C:/Users/Ankhaa/Downloads/Stretch Fight - Without Library/Stretch Fight - Without Library
-logFile
Logs/AssetImportWorker0.log
-srvPort
65390
Successfully changed project path to: C:/Users/Ankhaa/Downloads/Stretch Fight - Without Library/Stretch Fight - Without Library
C:/Users/Ankhaa/Downloads/Stretch Fight - Without Library/Stretch Fight - Without Library
Using Asset Import Pipeline V2.
Refreshing native plugins compatible for Editor in 100.22 ms, found 3 plugins.
Preloading 0 native plugins for Editor in 0.00 ms.
Initialize engine version: 2020.3.8f1 (507919d4fff5)
[Subsystems] Discovering subsystems at path C:/Program Files/Unity/Hub/Editor/2020.3.8f1/Editor/Data/Resources/UnitySubsystems
[Subsystems] Discovering subsystems at path C:/Users/Ankhaa/Downloads/Stretch Fight - Without Library/Stretch Fight - Without Library/Assets
GfxDevice: creating device client; threaded=0
Direct3D:
    Version:  Direct3D 11.0 [level 11.1]
    Renderer: NVIDIA GeForce RTX 2070 (ID=0x1f10)
    Vendor:   
    VRAM:     8031 MB
    Driver:   30.0.15.1295
Shader 'Universal Render Pipeline/Particles/Lit': fallback shader 'Universal Render Pipeline/Particles/SimpleLit' not found
Initialize mono
Mono path[0] = 'C:/Program Files/Unity/Hub/Editor/2020.3.8f1/Editor/Data/Managed'
Mono path[1] = 'C:/Program Files/Unity/Hub/Editor/2020.3.8f1/Editor/Data/MonoBleedingEdge/lib/mono/unityjit'
Mono config path = 'C:/Program Files/Unity/Hub/Editor/2020.3.8f1/Editor/Data/MonoBleedingEdge/etc'
Using monoOptions --debugger-agent=transport=dt_socket,embedding=1,server=y,suspend=n,address=127.0.0.1:56880
Begin MonoManager ReloadAssembly
Registering precompiled unity dll's ...
Register platform support module: C:/Program Files/Unity/Hub/Editor/2020.3.8f1/Editor/Data/PlaybackEngines/WindowsStandaloneSupport/UnityEditor.WindowsStandalone.Extensions.dll
Registered in 0.001370 seconds.
Native extension for WindowsStandalone target not found
Refreshing native plugins compatible for Editor in 92.79 ms, found 3 plugins.
Preloading 0 native plugins for Editor in 0.00 ms.
Mono: successfully reloaded assembly
- Completed reload, in  2.686 seconds
Platform modules already initialized, skipping
Registering precompiled user dll's ...
Registered in 0.122905 seconds.
Begin MonoManager ReloadAssembly
Native extension for WindowsStandalone target not found
Refreshing native plugins compatible for Editor in 91.47 ms, found 3 plugins.
Preloading 0 native plugins for Editor in 0.00 ms.
Mono: successfully reloaded assembly
- Completed reload, in  3.002 seconds
Platform modules already initialized, skipping
========================================================================
Worker process is ready to serve import requests
Shader 'Universal Render Pipeline/Particles/Lit': fallback shader 'Universal Render Pipeline/Particles/SimpleLit' not found
Launched and connected shader compiler UnityShaderCompiler.exe after 0.06 seconds
Refreshing native plugins compatible for Editor in 0.78 ms, found 3 plugins.
Preloading 0 native plugins for Editor in 0.00 ms.
Unloading 4353 Unused Serialized files (Serialized files now loaded: 0)
System memory in use before: 203.8 MB.
System memory in use after: 203.0 MB.

Unloading 32 unused Assets to reduce memory usage. Loaded Objects now: 4790.
Total: 4.105000 ms (FindLiveObjects: 0.335100 ms CreateObjectMapping: 0.192600 ms MarkObjects: 2.714900 ms  DeleteObjects: 0.861300 ms)

========================================================================
Received Import Request.
  path: Assets/StickmanCharacters/Character_AI/Stickman_sphere_Criminal_02.prefab
  artifactKey: Guid(ece728756f56cff449a56283dc15b627) Importer(815301076,1909f56bfc062723c751e8b465ee728b)
Start importing Assets/StickmanCharacters/Character_AI/Stickman_sphere_Criminal_02.prefab using Guid(ece728756f56cff449a56283dc15b627) Importer(815301076,1909f56bfc062723c751e8b465ee728b)  -> (artifact id: '20137b355aaf73d2fbb7d24ff9c6d648') in 0.317317 seconds
  Import took 0.324755 seconds .

========================================================================
Received Import Request.
  Time since last request: 0.000204 seconds.
  path: Assets/StickmanCharacters/Character_AI/Stickman_sphere_Suit.prefab
  artifactKey: Guid(6b0e02bafb95f334d9c96272e69e351d) Importer(815301076,1909f56bfc062723c751e8b465ee728b)
Start importing Assets/StickmanCharacters/Character_AI/Stickman_sphere_Suit.prefab using Guid(6b0e02bafb95f334d9c96272e69e351d) Importer(815301076,1909f56bfc062723c751e8b465ee728b)  -> (artifact id: '46c1cd9a89b6d92681f31a696b729353') in 0.151686 seconds
  Import took 0.160905 seconds .

========================================================================
Received Import Request.
  Time since last request: 0.000277 seconds.
  path: Assets/StickmanCharacters/Character_AI/Stickman_sphere_Prisoner.prefab
  artifactKey: Guid(5cf82d1f26eb1d149935e993e97b27b9) Importer(815301076,1909f56bfc062723c751e8b465ee728b)
Start importing Assets/StickmanCharacters/Character_AI/Stickman_sphere_Prisoner.prefab using Guid(5cf82d1f26eb1d149935e993e97b27b9) Importer(815301076,1909f56bfc062723c751e8b465ee728b)  -> (artifact id: 'ca2464076ab040b71926fa50bff2bbda') in 0.034220 seconds
  Import took 0.045467 seconds .

========================================================================
Received Prepare
Registering precompiled user dll's ...
Registered in 0.005402 seconds.
Begin MonoManager ReloadAssembly
Native extension for WindowsStandalone target not found
Refreshing native plugins compatible for Editor in 0.88 ms, found 3 plugins.
Preloading 0 native plugins for Editor in 0.00 ms.
Mono: successfully reloaded assembly
- Completed reload, in  1.420 seconds
Platform modules already initialized, skipping
Shader 'Universal Render Pipeline/Particles/Lit': fallback shader 'Universal Render Pipeline/Particles/SimpleLit' not found
Refreshing native plugins compatible for Editor in 1.00 ms, found 3 plugins.
Preloading 0 native plugins for Editor in 0.00 ms.
Unloading 4211 Unused Serialized files (Serialized files now loaded: 0)
System memory in use before: 207.4 MB.
System memory in use after: 206.6 MB.

Unloading 24 unused Assets to reduce memory usage. Loaded Objects now: 4806.
Total: 5.202300 ms (FindLiveObjects: 0.521900 ms CreateObjectMapping: 0.348500 ms MarkObjects: 3.461500 ms  DeleteObjects: 0.868600 ms)

========================================================================
Received Import Request.
  Time since last request: 74.637862 seconds.
  path: Assets/Scripts/IKController.cs
  artifactKey: Guid(14b669428a20925468ab61f22c6e8cf7) Importer(815301076,1909f56bfc062723c751e8b465ee728b)
Start importing Assets/Scripts/IKController.cs using Guid(14b669428a20925468ab61f22c6e8cf7) Importer(815301076,1909f56bfc062723c751e8b465ee728b)  -> (artifact id: 'aa53085b48b9358c21c3ec18b0da6e46') in 0.017515 seconds
  Import took 0.025785 seconds .

========================================================================
Received Import Request.
  Time since last request: 0.000509 seconds.
  path: Assets/Scripts/IKController.cs
  artifactKey: Guid(14b669428a20925468ab61f22c6e8cf7) Importer(815301076,1909f56bfc062723c751e8b465ee728b)
Start importing Assets/Scripts/IKController.cs using Guid(14b669428a20925468ab61f22c6e8cf7) Importer(815301076,1909f56bfc062723c751e8b465ee728b)  -> (artifact id: 'aa53085b48b9358c21c3ec18b0da6e46') in 0.002286 seconds
  Import took 0.009896 seconds .

========================================================================
Received Import Request.
  Time since last request: 0.497564 seconds.
  path: Assets/Plugins/RootMotion/FinalIK/IK Solvers/IKConstraintBend.cs
  artifactKey: Guid(89a2409fbbfb040b8b611279d6bba392) Importer(815301076,1909f56bfc062723c751e8b465ee728b)
Start importing Assets/Plugins/RootMotion/FinalIK/IK Solvers/IKConstraintBend.cs using Guid(89a2409fbbfb040b8b611279d6bba392) Importer(815301076,1909f56bfc062723c751e8b465ee728b)  -> (artifact id: '94fdc534dea737718cb3c2e55a436bad') in 0.005743 seconds
  Import took 0.012601 seconds .

========================================================================
Received Import Request.
  Time since last request: 0.003240 seconds.
  path: Assets/Plugins/RootMotion/FinalIK/IK Solvers/IKConstraintBend.cs
  artifactKey: Guid(89a2409fbbfb040b8b611279d6bba392) Importer(815301076,1909f56bfc062723c751e8b465ee728b)
Start importing Assets/Plugins/RootMotion/FinalIK/IK Solvers/IKConstraintBend.cs using Guid(89a2409fbbfb040b8b611279d6bba392) Importer(815301076,1909f56bfc062723c751e8b465ee728b)  -> (artifact id: '94fdc534dea737718cb3c2e55a436bad') in 0.002113 seconds
  Import took 0.008630 seconds .

========================================================================
Received Prepare
Registering precompiled user dll's ...
Registered in 0.005274 seconds.
Begin MonoManager ReloadAssembly
Native extension for WindowsStandalone target not found
Refreshing native plugins compatible for Editor in 0.94 ms, found 3 plugins.
Preloading 0 native plugins for Editor in 0.00 ms.
Mono: successfully reloaded assembly
- Completed reload, in  1.316 seconds
Platform modules already initialized, skipping
Shader 'Universal Render Pipeline/Particles/Lit': fallback shader 'Universal Render Pipeline/Particles/SimpleLit' not found
Refreshing native plugins compatible for Editor in 0.87 ms, found 3 plugins.
Preloading 0 native plugins for Editor in 0.00 ms.
Unloading 4211 Unused Serialized files (Serialized files now loaded: 0)
System memory in use before: 207.4 MB.
System memory in use after: 206.7 MB.

Unloading 24 unused Assets to reduce memory usage. Loaded Objects now: 4811.
Total: 4.482000 ms (FindLiveObjects: 0.329300 ms CreateObjectMapping: 0.188200 ms MarkObjects: 2.881200 ms  DeleteObjects: 1.082300 ms)

========================================================================
Received Prepare
Registering precompiled user dll's ...
Registered in 0.005538 seconds.
Begin MonoManager ReloadAssembly
Native extension for WindowsStandalone target not found
Refreshing native plugins compatible for Editor in 0.96 ms, found 3 plugins.
Preloading 0 native plugins for Editor in 0.00 ms.
Mono: successfully reloaded assembly
- Completed reload, in  1.422 seconds
Platform modules already initialized, skipping
Shader 'Universal Render Pipeline/Particles/Lit': fallback shader 'Universal Render Pipeline/Particles/SimpleLit' not found
Refreshing native plugins compatible for Editor in 0.84 ms, found 3 plugins.
Preloading 0 native plugins for Editor in 0.00 ms.
Unloading 4211 Unused Serialized files (Serialized files now loaded: 0)
System memory in use before: 207.5 MB.
System memory in use after: 206.8 MB.

Unloading 24 unused Assets to reduce memory usage. Loaded Objects now: 4816.
Total: 5.191800 ms (FindLiveObjects: 0.411100 ms CreateObjectMapping: 0.207600 ms MarkObjects: 3.273200 ms  DeleteObjects: 1.298500 ms)

========================================================================
Received Prepare
Registering precompiled user dll's ...
Registered in 0.005383 seconds.
Begin MonoManager ReloadAssembly
Native extension for WindowsStandalone target not found
Refreshing native plugins compatible for Editor in 0.86 ms, found 3 plugins.
Preloading 0 native plugins for Editor in 0.00 ms.
Mono: successfully reloaded assembly
- Completed reload, in  1.369 seconds
Platform modules already initialized, skipping
Shader 'Universal Render Pipeline/Particles/Lit': fallback shader 'Universal Render Pipeline/Particles/SimpleLit' not found
Refreshing native plugins compatible for Editor in 0.85 ms, found 3 plugins.
Preloading 0 native plugins for Editor in 0.00 ms.
Unloading 4211 Unused Serialized files (Serialized files now loaded: 0)
System memory in use before: 207.5 MB.
System memory in use after: 206.8 MB.

Unloading 24 unused Assets to reduce memory usage. Loaded Objects now: 4821.
Total: 4.734400 ms (FindLiveObjects: 0.395900 ms CreateObjectMapping: 0.225500 ms MarkObjects: 3.108000 ms  DeleteObjects: 1.003800 ms)

========================================================================
Received Prepare
Registering precompiled user dll's ...
Registered in 0.005247 seconds.
Begin MonoManager ReloadAssembly
Native extension for WindowsStandalone target not found
Refreshing native plugins compatible for Editor in 0.82 ms, found 3 plugins.
Preloading 0 native plugins for Editor in 0.00 ms.
Mono: successfully reloaded assembly
- Completed reload, in  1.329 seconds
Platform modules already initialized, skipping
Shader 'Universal Render Pipeline/Particles/Lit': fallback shader 'Universal Render Pipeline/Particles/SimpleLit' not found
Refreshing native plugins compatible for Editor in 0.93 ms, found 3 plugins.
Preloading 0 native plugins for Editor in 0.00 ms.
Unloading 4211 Unused Serialized files (Serialized files now loaded: 0)
System memory in use before: 207.5 MB.
System memory in use after: 206.8 MB.

Unloading 24 unused Assets to reduce memory usage. Loaded Objects now: 4826.
Total: 4.710300 ms (FindLiveObjects: 0.441600 ms CreateObjectMapping: 0.295500 ms MarkObjects: 2.989900 ms  DeleteObjects: 0.982000 ms)

========================================================================
Received Prepare
Registering precompiled user dll's ...
Registered in 0.005380 seconds.
Begin MonoManager ReloadAssembly
Native extension for WindowsStandalone target not found
Refreshing native plugins compatible for Editor in 0.87 ms, found 3 plugins.
Preloading 0 native plugins for Editor in 0.00 ms.
Mono: successfully reloaded assembly
- Completed reload, in  1.300 seconds
Platform modules already initialized, skipping
Shader 'Universal Render Pipeline/Particles/Lit': fallback shader 'Universal Render Pipeline/Particles/SimpleLit' not found
Refreshing native plugins compatible for Editor in 0.86 ms, found 3 plugins.
Preloading 0 native plugins for Editor in 0.00 ms.
Unloading 4211 Unused Serialized files (Serialized files now loaded: 0)
System memory in use before: 207.5 MB.
System memory in use after: 206.8 MB.

Unloading 24 unused Assets to reduce memory usage. Loaded Objects now: 4831.
Total: 5.475200 ms (FindLiveObjects: 0.393100 ms CreateObjectMapping: 0.202700 ms MarkObjects: 3.864800 ms  DeleteObjects: 1.013200 ms)

========================================================================
Received Prepare
Registering precompiled user dll's ...
Registered in 0.007428 seconds.
Begin MonoManager ReloadAssembly
Native extension for WindowsStandalone target not found
Refreshing native plugins compatible for Editor in 0.80 ms, found 3 plugins.
Preloading 0 native plugins for Editor in 0.00 ms.
Mono: successfully reloaded assembly
- Completed reload, in  1.241 seconds
Platform modules already initialized, skipping
Shader 'Universal Render Pipeline/Particles/Lit': fallback shader 'Universal Render Pipeline/Particles/SimpleLit' not found
Refreshing native plugins compatible for Editor in 0.82 ms, found 3 plugins.
Preloading 0 native plugins for Editor in 0.00 ms.
Unloading 4211 Unused Serialized files (Serialized files now loaded: 0)
System memory in use before: 207.6 MB.
System memory in use after: 206.8 MB.

Unloading 24 unused Assets to reduce memory usage. Loaded Objects now: 4836.
Total: 4.468300 ms (FindLiveObjects: 0.379900 ms CreateObjectMapping: 0.222600 ms MarkObjects: 2.854400 ms  DeleteObjects: 1.010200 ms)

========================================================================
Received Prepare
Registering precompiled user dll's ...
Registered in 0.006303 seconds.
Begin MonoManager ReloadAssembly
Native extension for WindowsStandalone target not found
Refreshing native plugins compatible for Editor in 0.93 ms, found 3 plugins.
Preloading 0 native plugins for Editor in 0.00 ms.
Mono: successfully reloaded assembly
- Completed reload, in  1.278 seconds
Platform modules already initialized, skipping
Shader 'Universal Render Pipeline/Particles/Lit': fallback shader 'Universal Render Pipeline/Particles/SimpleLit' not found
Refreshing native plugins compatible for Editor in 0.84 ms, found 3 plugins.
Preloading 0 native plugins for Editor in 0.00 ms.
Unloading 4211 Unused Serialized files (Serialized files now loaded: 0)
System memory in use before: 207.6 MB.
System memory in use after: 206.8 MB.

Unloading 24 unused Assets to reduce memory usage. Loaded Objects now: 4841.
Total: 4.298300 ms (FindLiveObjects: 0.396600 ms CreateObjectMapping: 0.206300 ms MarkObjects: 2.703100 ms  DeleteObjects: 0.991500 ms)

========================================================================
Received Prepare
Registering precompiled user dll's ...
Registered in 0.005358 seconds.
Begin MonoManager ReloadAssembly
Native extension for WindowsStandalone target not found
Refreshing native plugins compatible for Editor in 0.98 ms, found 3 plugins.
Preloading 0 native plugins for Editor in 0.00 ms.
Mono: successfully reloaded assembly
- Completed reload, in  1.340 seconds
Platform modules already initialized, skipping
Shader 'Universal Render Pipeline/Particles/Lit': fallback shader 'Universal Render Pipeline/Particles/SimpleLit' not found
Refreshing native plugins compatible for Editor in 0.82 ms, found 3 plugins.
Preloading 0 native plugins for Editor in 0.00 ms.
Unloading 4211 Unused Serialized files (Serialized files now loaded: 0)
System memory in use before: 207.6 MB.
System memory in use after: 206.8 MB.

Unloading 24 unused Assets to reduce memory usage. Loaded Objects now: 4846.
Total: 4.888800 ms (FindLiveObjects: 0.353000 ms CreateObjectMapping: 0.203000 ms MarkObjects: 3.305100 ms  DeleteObjects: 1.026600 ms)

========================================================================
Received Prepare
Registering precompiled user dll's ...
Registered in 0.005306 seconds.
Begin MonoManager ReloadAssembly
Native extension for WindowsStandalone target not found
Refreshing native plugins compatible for Editor in 0.83 ms, found 3 plugins.
Preloading 0 native plugins for Editor in 0.00 ms.
Mono: successfully reloaded assembly
- Completed reload, in  1.276 seconds
Platform modules already initialized, skipping
Shader 'Universal Render Pipeline/Particles/Lit': fallback shader 'Universal Render Pipeline/Particles/SimpleLit' not found
Refreshing native plugins compatible for Editor in 0.82 ms, found 3 plugins.
Preloading 0 native plugins for Editor in 0.00 ms.
Unloading 4211 Unused Serialized files (Serialized files now loaded: 0)
System memory in use before: 207.6 MB.
System memory in use after: 206.9 MB.

Unloading 24 unused Assets to reduce memory usage. Loaded Objects now: 4851.
Total: 5.422200 ms (FindLiveObjects: 0.406800 ms CreateObjectMapping: 0.230600 ms MarkObjects: 3.761400 ms  DeleteObjects: 1.022600 ms)

========================================================================
Received Prepare
Registering precompiled user dll's ...
Registered in 0.005936 seconds.
Begin MonoManager ReloadAssembly
Native extension for WindowsStandalone target not found
Refreshing native plugins compatible for Editor in 1.00 ms, found 3 plugins.
Preloading 0 native plugins for Editor in 0.00 ms.
Mono: successfully reloaded assembly
- Completed reload, in  1.481 seconds
Platform modules already initialized, skipping
Shader 'Universal Render Pipeline/Particles/Lit': fallback shader 'Universal Render Pipeline/Particles/SimpleLit' not found
Refreshing native plugins compatible for Editor in 0.88 ms, found 3 plugins.
Preloading 0 native plugins for Editor in 0.00 ms.
Unloading 4211 Unused Serialized files (Serialized files now loaded: 0)
System memory in use before: 207.6 MB.
System memory in use after: 206.9 MB.

Unloading 24 unused Assets to reduce memory usage. Loaded Objects now: 4856.
Total: 4.945400 ms (FindLiveObjects: 0.491000 ms CreateObjectMapping: 0.369100 ms MarkObjects: 3.010600 ms  DeleteObjects: 1.069600 ms)

========================================================================
Received Prepare
Registering precompiled user dll's ...
Registered in 0.005717 seconds.
Begin MonoManager ReloadAssembly
Native extension for WindowsStandalone target not found
Refreshing native plugins compatible for Editor in 0.98 ms, found 3 plugins.
Preloading 0 native plugins for Editor in 0.00 ms.
Mono: successfully reloaded assembly
- Completed reload, in  1.300 seconds
Platform modules already initialized, skipping
Shader 'Universal Render Pipeline/Particles/Lit': fallback shader 'Universal Render Pipeline/Particles/SimpleLit' not found
Refreshing native plugins compatible for Editor in 0.83 ms, found 3 plugins.
Preloading 0 native plugins for Editor in 0.00 ms.
Unloading 4211 Unused Serialized files (Serialized files now loaded: 0)
System memory in use before: 207.6 MB.
System memory in use after: 206.9 MB.

Unloading 24 unused Assets to reduce memory usage. Loaded Objects now: 4861.
Total: 5.888300 ms (FindLiveObjects: 0.428600 ms CreateObjectMapping: 0.229000 ms MarkObjects: 4.150200 ms  DeleteObjects: 1.079400 ms)

========================================================================
Received Prepare
Registering precompiled user dll's ...
Registered in 0.005216 seconds.
Begin MonoManager ReloadAssembly
Native extension for WindowsStandalone target not found
Refreshing native plugins compatible for Editor in 1.00 ms, found 3 plugins.
Preloading 0 native plugins for Editor in 0.00 ms.
Mono: successfully reloaded assembly
- Completed reload, in  1.265 seconds
Platform modules already initialized, skipping
Shader 'Universal Render Pipeline/Particles/Lit': fallback shader 'Universal Render Pipeline/Particles/SimpleLit' not found
Refreshing native plugins compatible for Editor in 0.84 ms, found 3 plugins.
Preloading 0 native plugins for Editor in 0.00 ms.
Unloading 4211 Unused Serialized files (Serialized files now loaded: 0)
System memory in use before: 207.6 MB.
System memory in use after: 206.9 MB.

Unloading 24 unused Assets to reduce memory usage. Loaded Objects now: 4866.
Total: 4.443700 ms (FindLiveObjects: 0.376400 ms CreateObjectMapping: 0.207600 ms MarkObjects: 2.831600 ms  DeleteObjects: 1.027100 ms)

========================================================================
Received Prepare
Registering precompiled user dll's ...
Registered in 0.005363 seconds.
Begin MonoManager ReloadAssembly
Native extension for WindowsStandalone target not found
Refreshing native plugins compatible for Editor in 0.82 ms, found 3 plugins.
Preloading 0 native plugins for Editor in 0.00 ms.
Mono: successfully reloaded assembly
- Completed reload, in  1.283 seconds
Platform modules already initialized, skipping
Shader 'Universal Render Pipeline/Particles/Lit': fallback shader 'Universal Render Pipeline/Particles/SimpleLit' not found
Refreshing native plugins compatible for Editor in 0.84 ms, found 3 plugins.
Preloading 0 native plugins for Editor in 0.00 ms.
Unloading 4211 Unused Serialized files (Serialized files now loaded: 0)
System memory in use before: 207.6 MB.
System memory in use after: 206.9 MB.

Unloading 24 unused Assets to reduce memory usage. Loaded Objects now: 4871.
Total: 4.295100 ms (FindLiveObjects: 0.363100 ms CreateObjectMapping: 0.215900 ms MarkObjects: 2.690400 ms  DeleteObjects: 1.024700 ms)

========================================================================
Received Prepare
Registering precompiled user dll's ...
Registered in 0.005397 seconds.
Begin MonoManager ReloadAssembly
Native extension for WindowsStandalone target not found
Refreshing native plugins compatible for Editor in 1.00 ms, found 3 plugins.
Preloading 0 native plugins for Editor in 0.00 ms.
Mono: successfully reloaded assembly
- Completed reload, in  1.276 seconds
Platform modules already initialized, skipping
Shader 'Universal Render Pipeline/Particles/Lit': fallback shader 'Universal Render Pipeline/Particles/SimpleLit' not found
Refreshing native plugins compatible for Editor in 0.82 ms, found 3 plugins.
Preloading 0 native plugins for Editor in 0.00 ms.
Unloading 4211 Unused Serialized files (Serialized files now loaded: 0)
System memory in use before: 207.6 MB.
System memory in use after: 206.9 MB.

Unloading 24 unused Assets to reduce memory usage. Loaded Objects now: 4876.
Total: 5.006900 ms (FindLiveObjects: 0.378900 ms CreateObjectMapping: 0.186000 ms MarkObjects: 3.374500 ms  DeleteObjects: 1.066300 ms)

========================================================================
Received Prepare
Registering precompiled user dll's ...
Registered in 0.005585 seconds.
Begin MonoManager ReloadAssembly
Native extension for WindowsStandalone target not found
Refreshing native plugins compatible for Editor in 0.83 ms, found 3 plugins.
Preloading 0 native plugins for Editor in 0.00 ms.
Mono: successfully reloaded assembly
- Completed reload, in  1.274 seconds
Platform modules already initialized, skipping
Shader 'Universal Render Pipeline/Particles/Lit': fallback shader 'Universal Render Pipeline/Particles/SimpleLit' not found
Refreshing native plugins compatible for Editor in 0.81 ms, found 3 plugins.
Preloading 0 native plugins for Editor in 0.00 ms.
Unloading 4211 Unused Serialized files (Serialized files now loaded: 0)
System memory in use before: 207.7 MB.
System memory in use after: 206.9 MB.

Unloading 24 unused Assets to reduce memory usage. Loaded Objects now: 4881.
Total: 4.812600 ms (FindLiveObjects: 0.379200 ms CreateObjectMapping: 0.194600 ms MarkObjects: 3.215700 ms  DeleteObjects: 1.022000 ms)

========================================================================
Received Prepare
Registering precompiled user dll's ...
Registered in 0.005232 seconds.
Begin MonoManager ReloadAssembly
Native extension for WindowsStandalone target not found
Refreshing native plugins compatible for Editor in 0.87 ms, found 3 plugins.
Preloading 0 native plugins for Editor in 0.00 ms.
Mono: successfully reloaded assembly
- Completed reload, in  1.267 seconds
Platform modules already initialized, skipping
Shader 'Universal Render Pipeline/Particles/Lit': fallback shader 'Universal Render Pipeline/Particles/SimpleLit' not found
Refreshing native plugins compatible for Editor in 0.86 ms, found 3 plugins.
Preloading 0 native plugins for Editor in 0.00 ms.
Unloading 4211 Unused Serialized files (Serialized files now loaded: 0)
System memory in use before: 207.7 MB.
System memory in use after: 206.9 MB.

Unloading 24 unused Assets to reduce memory usage. Loaded Objects now: 4886.
Total: 4.156200 ms (FindLiveObjects: 0.373600 ms CreateObjectMapping: 0.207000 ms MarkObjects: 2.560800 ms  DeleteObjects: 1.013900 ms)

========================================================================
Received Prepare
Registering precompiled user dll's ...
Registered in 0.005488 seconds.
Begin MonoManager ReloadAssembly
Native extension for WindowsStandalone target not found
Refreshing native plugins compatible for Editor in 0.92 ms, found 3 plugins.
Preloading 0 native plugins for Editor in 0.00 ms.
Mono: successfully reloaded assembly
- Completed reload, in  1.296 seconds
Platform modules already initialized, skipping
Shader 'Universal Render Pipeline/Particles/Lit': fallback shader 'Universal Render Pipeline/Particles/SimpleLit' not found
Refreshing native plugins compatible for Editor in 1.44 ms, found 3 plugins.
Preloading 0 native plugins for Editor in 0.00 ms.
Unloading 4211 Unused Serialized files (Serialized files now loaded: 0)
System memory in use before: 207.7 MB.
System memory in use after: 206.9 MB.

Unloading 24 unused Assets to reduce memory usage. Loaded Objects now: 4891.
Total: 7.296300 ms (FindLiveObjects: 0.430500 ms CreateObjectMapping: 0.223000 ms MarkObjects: 5.573700 ms  DeleteObjects: 1.068100 ms)

========================================================================
Received Prepare
Registering precompiled user dll's ...
Registered in 0.005231 seconds.
Begin MonoManager ReloadAssembly
Native extension for WindowsStandalone target not found
Refreshing native plugins compatible for Editor in 1.46 ms, found 3 plugins.
Preloading 0 native plugins for Editor in 0.00 ms.
Mono: successfully reloaded assembly
- Completed reload, in  1.309 seconds
Platform modules already initialized, skipping
Shader 'Universal Render Pipeline/Particles/Lit': fallback shader 'Universal Render Pipeline/Particles/SimpleLit' not found
Refreshing native plugins compatible for Editor in 0.84 ms, found 3 plugins.
Preloading 0 native plugins for Editor in 0.00 ms.
Unloading 4211 Unused Serialized files (Serialized files now loaded: 0)
System memory in use before: 207.7 MB.
System memory in use after: 206.9 MB.

Unloading 24 unused Assets to reduce memory usage. Loaded Objects now: 4896.
Total: 4.794600 ms (FindLiveObjects: 0.392800 ms CreateObjectMapping: 0.201100 ms MarkObjects: 3.168000 ms  DeleteObjects: 1.031800 ms)

========================================================================
Received Prepare
Registering precompiled user dll's ...
Registered in 0.006108 seconds.
Begin MonoManager ReloadAssembly
Native extension for WindowsStandalone target not found
Refreshing native plugins compatible for Editor in 0.82 ms, found 3 plugins.
Preloading 0 native plugins for Editor in 0.00 ms.
Mono: successfully reloaded assembly
- Completed reload, in  1.300 seconds
Platform modules already initialized, skipping
Shader 'Universal Render Pipeline/Particles/Lit': fallback shader 'Universal Render Pipeline/Particles/SimpleLit' not found
Refreshing native plugins compatible for Editor in 0.94 ms, found 3 plugins.
Preloading 0 native plugins for Editor in 0.00 ms.
Unloading 4211 Unused Serialized files (Serialized files now loaded: 0)
System memory in use before: 207.7 MB.
System memory in use after: 207.0 MB.

Unloading 24 unused Assets to reduce memory usage. Loaded Objects now: 4901.
Total: 5.160700 ms (FindLiveObjects: 0.385700 ms CreateObjectMapping: 0.163000 ms MarkObjects: 3.582200 ms  DeleteObjects: 1.028500 ms)

========================================================================
Received Prepare
Registering precompiled user dll's ...
Registered in 0.005285 seconds.
Begin MonoManager ReloadAssembly
Native extension for WindowsStandalone target not found
Refreshing native plugins compatible for Editor in 0.84 ms, found 3 plugins.
Preloading 0 native plugins for Editor in 0.00 ms.
Mono: successfully reloaded assembly
- Completed reload, in  1.300 seconds
Platform modules already initialized, skipping
Shader 'Universal Render Pipeline/Particles/Lit': fallback shader 'Universal Render Pipeline/Particles/SimpleLit' not found
Refreshing native plugins compatible for Editor in 0.84 ms, found 3 plugins.
Preloading 0 native plugins for Editor in 0.00 ms.
Unloading 4211 Unused Serialized files (Serialized files now loaded: 0)
System memory in use before: 207.7 MB.
System memory in use after: 207.0 MB.

Unloading 24 unused Assets to reduce memory usage. Loaded Objects now: 4906.
Total: 4.444900 ms (FindLiveObjects: 0.348500 ms CreateObjectMapping: 0.183000 ms MarkObjects: 2.900100 ms  DeleteObjects: 1.012400 ms)

========================================================================
Received Prepare
Registering precompiled user dll's ...
Registered in 0.006424 seconds.
Begin MonoManager ReloadAssembly
Native extension for WindowsStandalone target not found
Refreshing native plugins compatible for Editor in 0.97 ms, found 3 plugins.
Preloading 0 native plugins for Editor in 0.00 ms.
Mono: successfully reloaded assembly
- Completed reload, in  1.330 seconds
Platform modules already initialized, skipping
Shader 'Universal Render Pipeline/Particles/Lit': fallback shader 'Universal Render Pipeline/Particles/SimpleLit' not found
Refreshing native plugins compatible for Editor in 0.81 ms, found 3 plugins.
Preloading 0 native plugins for Editor in 0.00 ms.
Unloading 4211 Unused Serialized files (Serialized files now loaded: 0)
System memory in use before: 207.7 MB.
System memory in use after: 207.0 MB.

Unloading 24 unused Assets to reduce memory usage. Loaded Objects now: 4911.
Total: 5.462500 ms (FindLiveObjects: 0.474400 ms CreateObjectMapping: 0.241500 ms MarkObjects: 3.730500 ms  DeleteObjects: 1.014700 ms)

========================================================================
Received Prepare
Registering precompiled user dll's ...
Registered in 0.005926 seconds.
Begin MonoManager ReloadAssembly
Native extension for WindowsStandalone target not found
Refreshing native plugins compatible for Editor in 0.82 ms, found 3 plugins.
Preloading 0 native plugins for Editor in 0.00 ms.
Mono: successfully reloaded assembly
- Completed reload, in  1.598 seconds
Platform modules already initialized, skipping
Shader 'Universal Render Pipeline/Particles/Lit': fallback shader 'Universal Render Pipeline/Particles/SimpleLit' not found
Refreshing native plugins compatible for Editor in 1.22 ms, found 3 plugins.
Preloading 0 native plugins for Editor in 0.00 ms.
Unloading 4211 Unused Serialized files (Serialized files now loaded: 0)
System memory in use before: 207.7 MB.
System memory in use after: 207.0 MB.

Unloading 24 unused Assets to reduce memory usage. Loaded Objects now: 4916.
Total: 5.495400 ms (FindLiveObjects: 0.366500 ms CreateObjectMapping: 0.234700 ms MarkObjects: 3.597000 ms  DeleteObjects: 1.296000 ms)

========================================================================
Received Prepare
Registering precompiled user dll's ...
Registered in 0.005353 seconds.
Begin MonoManager ReloadAssembly
Native extension for WindowsStandalone target not found
Refreshing native plugins compatible for Editor in 1.49 ms, found 3 plugins.
Preloading 0 native plugins for Editor in 0.00 ms.
Mono: successfully reloaded assembly
- Completed reload, in  1.421 seconds
Platform modules already initialized, skipping
Shader 'Universal Render Pipeline/Particles/Lit': fallback shader 'Universal Render Pipeline/Particles/SimpleLit' not found
Refreshing native plugins compatible for Editor in 0.85 ms, found 3 plugins.
Preloading 0 native plugins for Editor in 0.00 ms.
Unloading 4211 Unused Serialized files (Serialized files now loaded: 0)
System memory in use before: 207.7 MB.
System memory in use after: 207.0 MB.

Unloading 24 unused Assets to reduce memory usage. Loaded Objects now: 4921.
Total: 4.996600 ms (FindLiveObjects: 0.400300 ms CreateObjectMapping: 0.190800 ms MarkObjects: 3.364700 ms  DeleteObjects: 1.039400 ms)

========================================================================
Received Prepare
Registering precompiled user dll's ...
Registered in 0.008384 seconds.
Begin MonoManager ReloadAssembly
Native extension for WindowsStandalone target not found
Refreshing native plugins compatible for Editor in 0.87 ms, found 3 plugins.
Preloading 0 native plugins for Editor in 0.00 ms.
Mono: successfully reloaded assembly
- Completed reload, in  1.447 seconds
Platform modules already initialized, skipping
Shader 'Universal Render Pipeline/Particles/Lit': fallback shader 'Universal Render Pipeline/Particles/SimpleLit' not found
Refreshing native plugins compatible for Editor in 0.88 ms, found 3 plugins.
Preloading 0 native plugins for Editor in 0.00 ms.
Unloading 4211 Unused Serialized files (Serialized files now loaded: 0)
System memory in use before: 207.7 MB.
System memory in use after: 207.0 MB.

Unloading 24 unused Assets to reduce memory usage. Loaded Objects now: 4926.
Total: 5.014300 ms (FindLiveObjects: 0.525800 ms CreateObjectMapping: 0.340900 ms MarkObjects: 3.048800 ms  DeleteObjects: 1.096500 ms)

========================================================================
Received Prepare
Registering precompiled user dll's ...
Registered in 0.005440 seconds.
Begin MonoManager ReloadAssembly
Native extension for WindowsStandalone target not found
Refreshing native plugins compatible for Editor in 0.97 ms, found 3 plugins.
Preloading 0 native plugins for Editor in 0.00 ms.
Mono: successfully reloaded assembly
- Completed reload, in  1.401 seconds
Platform modules already initialized, skipping
Shader 'Universal Render Pipeline/Particles/Lit': fallback shader 'Universal Render Pipeline/Particles/SimpleLit' not found
Refreshing native plugins compatible for Editor in 0.83 ms, found 3 plugins.
Preloading 0 native plugins for Editor in 0.00 ms.
Unloading 4211 Unused Serialized files (Serialized files now loaded: 0)
System memory in use before: 207.7 MB.
System memory in use after: 207.0 MB.

Unloading 24 unused Assets to reduce memory usage. Loaded Objects now: 4931.
Total: 4.662500 ms (FindLiveObjects: 0.432900 ms CreateObjectMapping: 0.296500 ms MarkObjects: 2.859900 ms  DeleteObjects: 1.071900 ms)

========================================================================
Received Prepare
Registering precompiled user dll's ...
Registered in 0.005407 seconds.
Begin MonoManager ReloadAssembly
Native extension for WindowsStandalone target not found
Refreshing native plugins compatible for Editor in 0.92 ms, found 3 plugins.
Preloading 0 native plugins for Editor in 0.00 ms.
Mono: successfully reloaded assembly
- Completed reload, in  1.405 seconds
Platform modules already initialized, skipping
Shader 'Universal Render Pipeline/Particles/Lit': fallback shader 'Universal Render Pipeline/Particles/SimpleLit' not found
Refreshing native plugins compatible for Editor in 0.80 ms, found 3 plugins.
Preloading 0 native plugins for Editor in 0.00 ms.
Unloading 4211 Unused Serialized files (Serialized files now loaded: 0)
System memory in use before: 207.7 MB.
System memory in use after: 207.0 MB.

Unloading 24 unused Assets to reduce memory usage. Loaded Objects now: 4936.
Total: 5.627400 ms (FindLiveObjects: 0.476300 ms CreateObjectMapping: 0.336800 ms MarkObjects: 3.761800 ms  DeleteObjects: 1.051200 ms)

========================================================================
Received Prepare
Registering precompiled user dll's ...
Registered in 0.008501 seconds.
Begin MonoManager ReloadAssembly
Native extension for WindowsStandalone target not found
Refreshing native plugins compatible for Editor in 0.92 ms, found 3 plugins.
Preloading 0 native plugins for Editor in 0.00 ms.
Mono: successfully reloaded assembly
- Completed reload, in  1.415 seconds
Platform modules already initialized, skipping
Shader 'Universal Render Pipeline/Particles/Lit': fallback shader 'Universal Render Pipeline/Particles/SimpleLit' not found
Refreshing native plugins compatible for Editor in 0.82 ms, found 3 plugins.
Preloading 0 native plugins for Editor in 0.00 ms.
Unloading 4211 Unused Serialized files (Serialized files now loaded: 0)
System memory in use before: 207.8 MB.
System memory in use after: 207.0 MB.

Unloading 24 unused Assets to reduce memory usage. Loaded Objects now: 4941.
Total: 4.391100 ms (FindLiveObjects: 0.429500 ms CreateObjectMapping: 0.213100 ms MarkObjects: 2.680200 ms  DeleteObjects: 1.067000 ms)

========================================================================
Received Prepare
Registering precompiled user dll's ...
Registered in 0.007154 seconds.
Begin MonoManager ReloadAssembly
Native extension for WindowsStandalone target not found
Refreshing native plugins compatible for Editor in 0.95 ms, found 3 plugins.
Preloading 0 native plugins for Editor in 0.00 ms.
Mono: successfully reloaded assembly
- Completed reload, in  2.128 seconds
Platform modules already initialized, skipping
Shader 'Universal Render Pipeline/Particles/Lit': fallback shader 'Universal Render Pipeline/Particles/SimpleLit' not found
Refreshing native plugins compatible for Editor in 1.04 ms, found 3 plugins.
Preloading 0 native plugins for Editor in 0.00 ms.
Unloading 4211 Unused Serialized files (Serialized files now loaded: 0)
System memory in use before: 207.8 MB.
System memory in use after: 207.0 MB.

Unloading 24 unused Assets to reduce memory usage. Loaded Objects now: 4946.
Total: 6.421100 ms (FindLiveObjects: 0.577700 ms CreateObjectMapping: 0.452500 ms MarkObjects: 4.174500 ms  DeleteObjects: 1.214900 ms)

========================================================================
Received Prepare
Registering precompiled user dll's ...
Registered in 0.006030 seconds.
Begin MonoManager ReloadAssembly
Native extension for WindowsStandalone target not found
Refreshing native plugins compatible for Editor in 0.93 ms, found 3 plugins.
Preloading 0 native plugins for Editor in 0.00 ms.
Mono: successfully reloaded assembly
- Completed reload, in  1.373 seconds
Platform modules already initialized, skipping
Shader 'Universal Render Pipeline/Particles/Lit': fallback shader 'Universal Render Pipeline/Particles/SimpleLit' not found
Refreshing native plugins compatible for Editor in 0.95 ms, found 3 plugins.
Preloading 0 native plugins for Editor in 0.00 ms.
Unloading 4211 Unused Serialized files (Serialized files now loaded: 0)
System memory in use before: 207.8 MB.
System memory in use after: 207.0 MB.

Unloading 24 unused Assets to reduce memory usage. Loaded Objects now: 4951.
Total: 6.241200 ms (FindLiveObjects: 0.501300 ms CreateObjectMapping: 0.266300 ms MarkObjects: 3.661700 ms  DeleteObjects: 1.810000 ms)

========================================================================
Received Prepare
Registering precompiled user dll's ...
Registered in 0.010436 seconds.
Begin MonoManager ReloadAssembly
Native extension for WindowsStandalone target not found
Refreshing native plugins compatible for Editor in 0.96 ms, found 3 plugins.
Preloading 0 native plugins for Editor in 0.00 ms.
Mono: successfully reloaded assembly
- Completed reload, in  1.351 seconds
Platform modules already initialized, skipping
Shader 'Universal Render Pipeline/Particles/Lit': fallback shader 'Universal Render Pipeline/Particles/SimpleLit' not found
Refreshing native plugins compatible for Editor in 0.79 ms, found 3 plugins.
Preloading 0 native plugins for Editor in 0.00 ms.
Unloading 4211 Unused Serialized files (Serialized files now loaded: 0)
System memory in use before: 207.8 MB.
System memory in use after: 207.1 MB.

Unloading 24 unused Assets to reduce memory usage. Loaded Objects now: 4956.
Total: 5.167500 ms (FindLiveObjects: 0.394500 ms CreateObjectMapping: 0.182000 ms MarkObjects: 3.213300 ms  DeleteObjects: 1.376600 ms)

========================================================================
Received Prepare
Registering precompiled user dll's ...
Registered in 0.005975 seconds.
Begin MonoManager ReloadAssembly
Native extension for WindowsStandalone target not found
Refreshing native plugins compatible for Editor in 1.10 ms, found 3 plugins.
Preloading 0 native plugins for Editor in 0.00 ms.
Mono: successfully reloaded assembly
- Completed reload, in  1.682 seconds
Platform modules already initialized, skipping
Shader 'Universal Render Pipeline/Particles/Lit': fallback shader 'Universal Render Pipeline/Particles/SimpleLit' not found
Refreshing native plugins compatible for Editor in 1.22 ms, found 3 plugins.
Preloading 0 native plugins for Editor in 0.00 ms.
Unloading 4211 Unused Serialized files (Serialized files now loaded: 0)
System memory in use before: 207.8 MB.
System memory in use after: 207.1 MB.

Unloading 24 unused Assets to reduce memory usage. Loaded Objects now: 4961.
Total: 5.433600 ms (FindLiveObjects: 0.454900 ms CreateObjectMapping: 0.644700 ms MarkObjects: 3.290400 ms  DeleteObjects: 1.042000 ms)

========================================================================
Received Prepare
Registering precompiled user dll's ...
Registered in 0.005616 seconds.
Begin MonoManager ReloadAssembly
Native extension for WindowsStandalone target not found
Refreshing native plugins compatible for Editor in 0.85 ms, found 3 plugins.
Preloading 0 native plugins for Editor in 0.00 ms.
Mono: successfully reloaded assembly
- Completed reload, in  1.432 seconds
Platform modules already initialized, skipping
Shader 'Universal Render Pipeline/Particles/Lit': fallback shader 'Universal Render Pipeline/Particles/SimpleLit' not found
Refreshing native plugins compatible for Editor in 0.98 ms, found 3 plugins.
Preloading 0 native plugins for Editor in 0.00 ms.
Unloading 4211 Unused Serialized files (Serialized files now loaded: 0)
System memory in use before: 207.8 MB.
System memory in use after: 207.1 MB.

Unloading 24 unused Assets to reduce memory usage. Loaded Objects now: 4966.
Total: 4.566100 ms (FindLiveObjects: 0.436900 ms CreateObjectMapping: 0.213400 ms MarkObjects: 2.885500 ms  DeleteObjects: 1.029600 ms)

========================================================================
Received Prepare
Registering precompiled user dll's ...
Registered in 0.017422 seconds.
Begin MonoManager ReloadAssembly
Native extension for WindowsStandalone target not found
Refreshing native plugins compatible for Editor in 1.83 ms, found 3 plugins.
Preloading 0 native plugins for Editor in 0.00 ms.
Mono: successfully reloaded assembly
- Completed reload, in  5.222 seconds
Platform modules already initialized, skipping
Shader 'Universal Render Pipeline/Particles/Lit': fallback shader 'Universal Render Pipeline/Particles/SimpleLit' not found
Refreshing native plugins compatible for Editor in 2.03 ms, found 3 plugins.
Preloading 0 native plugins for Editor in 0.00 ms.
Unloading 4211 Unused Serialized files (Serialized files now loaded: 0)
System memory in use before: 207.8 MB.
System memory in use after: 207.1 MB.

Unloading 24 unused Assets to reduce memory usage. Loaded Objects now: 4971.
Total: 13.035100 ms (FindLiveObjects: 0.704000 ms CreateObjectMapping: 0.613500 ms MarkObjects: 9.662100 ms  DeleteObjects: 2.053000 ms)

========================================================================
Received Prepare
Registering precompiled user dll's ...
Registered in 0.135407 seconds.
Begin MonoManager ReloadAssembly
Native extension for WindowsStandalone target not found
Refreshing native plugins compatible for Editor in 1.03 ms, found 3 plugins.
Preloading 0 native plugins for Editor in 0.00 ms.
Mono: successfully reloaded assembly
- Completed reload, in  1.525 seconds
Platform modules already initialized, skipping
Shader 'Universal Render Pipeline/Particles/Lit': fallback shader 'Universal Render Pipeline/Particles/SimpleLit' not found
Refreshing native plugins compatible for Editor in 0.92 ms, found 3 plugins.
Preloading 0 native plugins for Editor in 0.00 ms.
Unloading 4211 Unused Serialized files (Serialized files now loaded: 0)
System memory in use before: 207.8 MB.
System memory in use after: 207.1 MB.

Unloading 24 unused Assets to reduce memory usage. Loaded Objects now: 4976.
Total: 4.629900 ms (FindLiveObjects: 0.516000 ms CreateObjectMapping: 0.197000 ms MarkObjects: 2.829600 ms  DeleteObjects: 1.086300 ms)

========================================================================
Received Import Request.
  Time since last request: 17246.754444 seconds.
  path: Assets/Scripts/GameManager.cs
  artifactKey: Guid(6180ab306752202468dda170596099d2) Importer(815301076,1909f56bfc062723c751e8b465ee728b)
Start importing Assets/Scripts/GameManager.cs using Guid(6180ab306752202468dda170596099d2) Importer(815301076,1909f56bfc062723c751e8b465ee728b)  -> (artifact id: '4f41ea17e64238fff81b8e75a5080d0e') in 0.014994 seconds
  Import took 0.029400 seconds .

========================================================================
Received Import Request.
  Time since last request: 0.013207 seconds.
  path: Assets/Scripts/GameManager.cs
  artifactKey: Guid(6180ab306752202468dda170596099d2) Importer(815301076,1909f56bfc062723c751e8b465ee728b)
Start importing Assets/Scripts/GameManager.cs using Guid(6180ab306752202468dda170596099d2) Importer(815301076,1909f56bfc062723c751e8b465ee728b)  -> (artifact id: '4f41ea17e64238fff81b8e75a5080d0e') in 0.002471 seconds
  Import took 0.009007 seconds .

========================================================================
Received Import Request.
  Time since last request: 2.173981 seconds.
  path: Assets/Scripts/GameController.cs
  artifactKey: Guid(277bedd030961b14abef633a89effeb8) Importer(815301076,1909f56bfc062723c751e8b465ee728b)
Start importing Assets/Scripts/GameController.cs using Guid(277bedd030961b14abef633a89effeb8) Importer(815301076,1909f56bfc062723c751e8b465ee728b)  -> (artifact id: 'e94440bd88abb4bc81a9653baeee35dd') in 0.007383 seconds
  Import took 0.014411 seconds .

========================================================================
Received Import Request.
  Time since last request: 0.681319 seconds.
  path: Assets/Scripts/IKController.cs
  artifactKey: Guid(14b669428a20925468ab61f22c6e8cf7) Importer(815301076,1909f56bfc062723c751e8b465ee728b)
Start importing Assets/Scripts/IKController.cs using Guid(14b669428a20925468ab61f22c6e8cf7) Importer(815301076,1909f56bfc062723c751e8b465ee728b)  -> (artifact id: 'a10e5a361f73a6bb52d9fad8891d3f7f') in 0.009857 seconds
  Import took 0.022555 seconds .

========================================================================
Received Import Request.
  Time since last request: 6.526648 seconds.
  path: Assets/Scripts/IncentiveShower.cs
  artifactKey: Guid(c7daff9dea2a0804e974551e1dafde2e) Importer(815301076,1909f56bfc062723c751e8b465ee728b)
Start importing Assets/Scripts/IncentiveShower.cs using Guid(c7daff9dea2a0804e974551e1dafde2e) Importer(815301076,1909f56bfc062723c751e8b465ee728b)  -> (artifact id: 'd42c2891116d0d2d5c7bf1f0ede2759a') in 0.008688 seconds
  Import took 0.021709 seconds .

========================================================================
Received Import Request.
  Time since last request: 0.453447 seconds.
  path: Assets/Scripts/TimeManager.cs
  artifactKey: Guid(2bb2779fde0646e4d9abdd027f516781) Importer(815301076,1909f56bfc062723c751e8b465ee728b)
Start importing Assets/Scripts/TimeManager.cs using Guid(2bb2779fde0646e4d9abdd027f516781) Importer(815301076,1909f56bfc062723c751e8b465ee728b)  -> (artifact id: '7eacb23f71f668de3f2b55668dd5db5f') in 0.008352 seconds
  Import took 0.021126 seconds .

========================================================================
Received Import Request.
  Time since last request: 0.318785 seconds.
  path: Assets/Scripts/UIManager.cs
  artifactKey: Guid(42155c207eaf6b64d90445b8205c69fd) Importer(815301076,1909f56bfc062723c751e8b465ee728b)
Start importing Assets/Scripts/UIManager.cs using Guid(42155c207eaf6b64d90445b8205c69fd) Importer(815301076,1909f56bfc062723c751e8b465ee728b)  -> (artifact id: 'b15559e93a7793bd39e71730d09597cd') in 0.006596 seconds
  Import took 0.019956 seconds .

========================================================================
Received Import Request.
  Time since last request: 0.319744 seconds.
  path: Assets/Scripts/UIProgressBAr.cs
  artifactKey: Guid(1995334d71c19434b98f542503a6ccdd) Importer(815301076,1909f56bfc062723c751e8b465ee728b)
Start importing Assets/Scripts/UIProgressBAr.cs using Guid(1995334d71c19434b98f542503a6ccdd) Importer(815301076,1909f56bfc062723c751e8b465ee728b)  -> (artifact id: '58c79c5d88bda36990bf51c91d808e11') in 0.006023 seconds
  Import took 0.013369 seconds .

========================================================================
Received Import Request.
  Time since last request: 2.575301 seconds.
  path: Assets/Scripts/DamageTextSpawner.cs
  artifactKey: Guid(37468b0fc969b6d479c955e10898906a) Importer(815301076,1909f56bfc062723c751e8b465ee728b)
Start importing Assets/Scripts/DamageTextSpawner.cs using Guid(37468b0fc969b6d479c955e10898906a) Importer(815301076,1909f56bfc062723c751e8b465ee728b)  -> (artifact id: '4de77958d14ae029d4ca43fd74c0b140') in 0.005616 seconds
  Import took 0.017150 seconds .

========================================================================
Received Import Request.
  Time since last request: 0.343240 seconds.
  path: Assets/Scripts/DamageText.cs
  artifactKey: Guid(33cc3b026684d00408a2c5a77bf15c86) Importer(815301076,1909f56bfc062723c751e8b465ee728b)
Start importing Assets/Scripts/DamageText.cs using Guid(33cc3b026684d00408a2c5a77bf15c86) Importer(815301076,1909f56bfc062723c751e8b465ee728b)  -> (artifact id: '34cd1cb51522511c9ef29697fc66a98d') in 0.005726 seconds
  Import took 0.012889 seconds .

========================================================================
Received Import Request.
  Time since last request: 0.323847 seconds.
  path: Assets/Scripts/Character.cs
  artifactKey: Guid(873c3ba9ab79e664a8ef0b98372a4483) Importer(815301076,1909f56bfc062723c751e8b465ee728b)
Start importing Assets/Scripts/Character.cs using Guid(873c3ba9ab79e664a8ef0b98372a4483) Importer(815301076,1909f56bfc062723c751e8b465ee728b)  -> (artifact id: '9eaf86473da29dd7b6346461828b904e') in 0.005688 seconds
  Import took 0.018233 seconds .

========================================================================
Received Import Request.
  Time since last request: 0.002170 seconds.
  path: Assets/Scripts/Character.cs
  artifactKey: Guid(873c3ba9ab79e664a8ef0b98372a4483) Importer(815301076,1909f56bfc062723c751e8b465ee728b)
Start importing Assets/Scripts/Character.cs using Guid(873c3ba9ab79e664a8ef0b98372a4483) Importer(815301076,1909f56bfc062723c751e8b465ee728b)  -> (artifact id: '9eaf86473da29dd7b6346461828b904e') in 0.002350 seconds
  Import took 0.008996 seconds .

========================================================================
Received Import Request.
  Time since last request: 0.339304 seconds.
  path: Assets/Scripts/BodyPart.cs
  artifactKey: Guid(d315030f65722414883e9ff1b7fd92d1) Importer(815301076,1909f56bfc062723c751e8b465ee728b)
Start importing Assets/Scripts/BodyPart.cs using Guid(d315030f65722414883e9ff1b7fd92d1) Importer(815301076,1909f56bfc062723c751e8b465ee728b)  -> (artifact id: '2c665afac40eefbc6864ba7ab9051258') in 0.005593 seconds
  Import took 0.013355 seconds .

========================================================================
Received Import Request.
  Time since last request: 0.319373 seconds.
  path: Assets/Scripts/BillBoardingText.cs
  artifactKey: Guid(50617af18184b7840b8675ab5eada314) Importer(815301076,1909f56bfc062723c751e8b465ee728b)
Start importing Assets/Scripts/BillBoardingText.cs using Guid(50617af18184b7840b8675ab5eada314) Importer(815301076,1909f56bfc062723c751e8b465ee728b)  -> (artifact id: '7d52d9d927135cce06c6ac616af83e04') in 0.006260 seconds
  Import took 0.013325 seconds .

========================================================================
Received Import Request.
  Time since last request: 0.320918 seconds.
  path: Assets/Scripts/AI.cs
  artifactKey: Guid(cf8e62d8632c141408177b4acb6f019d) Importer(815301076,1909f56bfc062723c751e8b465ee728b)
Start importing Assets/Scripts/AI.cs using Guid(cf8e62d8632c141408177b4acb6f019d) Importer(815301076,1909f56bfc062723c751e8b465ee728b)  -> (artifact id: 'cc82a1960f0de6b0fd089ff608832e2b') in 0.006770 seconds
  Import took 0.014290 seconds .

========================================================================
Received Import Request.
  Time since last request: 0.002925 seconds.
  path: Assets/Scripts/AI.cs
  artifactKey: Guid(cf8e62d8632c141408177b4acb6f019d) Importer(815301076,1909f56bfc062723c751e8b465ee728b)
Start importing Assets/Scripts/AI.cs using Guid(cf8e62d8632c141408177b4acb6f019d) Importer(815301076,1909f56bfc062723c751e8b465ee728b)  -> (artifact id: 'cc82a1960f0de6b0fd089ff608832e2b') in 0.002970 seconds
  Import took 0.009663 seconds .

AssetImportWorkerClient::OnTransportError - code=2 error=End of file
